<?xml version="1.0" encoding="UTF-8"?>
<!-- Generated by org.testng.reporters.JUnitXMLReporter -->
<testsuite hostname="DESKTOP-IR10F14" ignored="0" name="Test" tests="4" failures="0" timestamp="2021-08-26T20:17:07 IST" time="0.05" errors="0">
  <testcase name="iosApp" time="0.005" classname="qaclickacademy.AppiumTest"/>
  <testcase name="nativeAppAndroid" time="0.001" classname="qaclickacademy.AppiumTest"/>
  <testcase name="BrowserAUtomation" time="0.001" classname="qaclickacademy.SeleniumTest"/>
  <testcase name="elementsUI" time="0.001" classname="qaclickacademy.SeleniumTest"/>
</testsuite> <!-- Test -->
