<?xml version="1.0" encoding="UTF-8"?>
<testng-results skipped="0" failed="0" ignored="0" total="4" passed="4">
  <reporter-output>
  </reporter-output>
  <suite name="Suite" duration-ms="50" started-at="2021-08-26T20:17:06 IST" finished-at="2021-08-26T20:17:06 IST">
    <groups>
    </groups>
    <test name="Test" duration-ms="50" started-at="2021-08-26T20:17:06 IST" finished-at="2021-08-26T20:17:06 IST">
      <class name="qaclickacademy.AppiumTest">
        <test-method status="PASS" signature="iosApp()[pri:0, instance:qaclickacademy.AppiumTest@6e6c3152]" name="iosApp" duration-ms="5" started-at="2021-08-26T20:17:06 IST" finished-at="2021-08-26T20:17:06 IST">
          <reporter-output>
          </reporter-output>
        </test-method> <!-- iosApp -->
        <test-method status="PASS" signature="nativeAppAndroid()[pri:0, instance:qaclickacademy.AppiumTest@6e6c3152]" name="nativeAppAndroid" duration-ms="1" started-at="2021-08-26T20:17:06 IST" finished-at="2021-08-26T20:17:06 IST">
          <reporter-output>
          </reporter-output>
        </test-method> <!-- nativeAppAndroid -->
      </class> <!-- qaclickacademy.AppiumTest -->
      <class name="qaclickacademy.SeleniumTest">
        <test-method status="PASS" signature="BrowserAUtomation()[pri:0, instance:qaclickacademy.SeleniumTest@3224f60b]" name="BrowserAUtomation" duration-ms="1" started-at="2021-08-26T20:17:06 IST" finished-at="2021-08-26T20:17:06 IST">
          <reporter-output>
          </reporter-output>
        </test-method> <!-- BrowserAUtomation -->
        <test-method status="PASS" signature="elementsUI()[pri:0, instance:qaclickacademy.SeleniumTest@3224f60b]" name="elementsUI" duration-ms="1" started-at="2021-08-26T20:17:06 IST" finished-at="2021-08-26T20:17:06 IST">
          <reporter-output>
          </reporter-output>
        </test-method> <!-- elementsUI -->
      </class> <!-- qaclickacademy.SeleniumTest -->
    </test> <!-- Test -->
  </suite> <!-- Suite -->
</testng-results>
